[ 2015-12-08T16:51:22+08:00 ] 192.168.1.132 /yhcms/
INFO: [ app_init ] --START--
INFO: Run Behavior\BuildLiteBehavior [ RunTime:0.000000s ]
INFO: [ app_init ] --END-- [ RunTime:0.021000s ]

[ 2015-12-08T16:55:30+08:00 ] 192.168.1.132 /yhcms/index.php/Home/Houses
INFO: [ app_init ] --START--
INFO: Run Behavior\BuildLiteBehavior [ RunTime:0.000000s ]
INFO: [ app_init ] --END-- [ RunTime:0.000000s ]
ERR: 非法操作:index

[ 2015-12-08T16:57:11+08:00 ] 192.168.1.132 /yhcms/index.php/Home/Houses/lines
INFO: [ app_init ] --START--
INFO: Run Behavior\BuildLiteBehavior [ RunTime:0.000000s ]
INFO: [ app_init ] --END-- [ RunTime:0.001000s ]

[ 2015-12-08T16:57:19+08:00 ] 192.168.1.132 /yhcms/index.php/Home/Houses/form
INFO: [ app_init ] --START--
INFO: Run Behavior\BuildLiteBehavior [ RunTime:0.000000s ]
INFO: [ app_init ] --END-- [ RunTime:0.000000s ]

[ 2015-12-08T16:57:45+08:00 ] 192.168.1.132 /yhcms/index.php/Home/Houses/add
INFO: [ app_init ] --START--
INFO: Run Behavior\BuildLiteBehavior [ RunTime:0.001000s ]
INFO: [ app_init ] --END-- [ RunTime:0.001000s ]

[ 2015-12-08T16:57:47+08:00 ] 192.168.1.132 /yhcms/index.php/Home/Houses/form
INFO: [ app_init ] --START--
INFO: Run Behavior\BuildLiteBehavior [ RunTime:0.000000s ]
INFO: [ app_init ] --END-- [ RunTime:0.001000s ]

[ 2015-12-08T16:57:53+08:00 ] 192.168.1.132 /yhcms/index.php/Home/Houses/line
INFO: [ app_init ] --START--
INFO: Run Behavior\BuildLiteBehavior [ RunTime:0.000000s ]
INFO: [ app_init ] --END-- [ RunTime:0.002000s ]
ERR: 非法操作:line

[ 2015-12-08T16:57:57+08:00 ] 192.168.1.132 /yhcms/index.php/Home/Houses/lines
INFO: [ app_init ] --START--
INFO: Run Behavior\BuildLiteBehavior [ RunTime:0.000000s ]
INFO: [ app_init ] --END-- [ RunTime:0.000000s ]

[ 2015-12-08T16:58:36+08:00 ] 192.168.1.132 /yhcms/index.php/Home/Houses/lines
INFO: [ app_init ] --START--
INFO: Run Behavior\BuildLiteBehavior [ RunTime:0.000000s ]
INFO: [ app_init ] --END-- [ RunTime:0.001000s ]

[ 2015-12-08T16:59:23+08:00 ] 192.168.1.132 /yhcms/index.php/Home/Houses/lines
INFO: [ app_init ] --START--
INFO: Run Behavior\BuildLiteBehavior [ RunTime:0.000000s ]
INFO: [ app_init ] --END-- [ RunTime:0.001000s ]

[ 2015-12-08T16:59:41+08:00 ] 192.168.1.132 /yhcms/index.php/Home/Houses/lines
INFO: [ app_init ] --START--
INFO: Run Behavior\BuildLiteBehavior [ RunTime:0.000000s ]
INFO: [ app_init ] --END-- [ RunTime:0.001000s ]

[ 2015-12-08T16:59:42+08:00 ] 192.168.1.132 /yhcms/index.php/Home/Houses/lines
INFO: [ app_init ] --START--
INFO: Run Behavior\BuildLiteBehavior [ RunTime:0.000000s ]
INFO: [ app_init ] --END-- [ RunTime:0.001000s ]

[ 2015-12-08T16:59:44+08:00 ] 192.168.1.132 /yhcms/index.php/Home/Houses/lines
INFO: [ app_init ] --START--
INFO: Run Behavior\BuildLiteBehavior [ RunTime:0.000000s ]
INFO: [ app_init ] --END-- [ RunTime:0.001000s ]

[ 2015-12-08T17:00:42+08:00 ] 192.168.1.132 /yhcms/index.php/Home/Houses/lines
INFO: [ app_init ] --START--
INFO: Run Behavior\BuildLiteBehavior [ RunTime:0.000000s ]
INFO: [ app_init ] --END-- [ RunTime:0.000000s ]

[ 2015-12-08T17:00:46+08:00 ] 192.168.1.132 /yhcms/index.php/Home/Houses/lines
INFO: [ app_init ] --START--
INFO: Run Behavior\BuildLiteBehavior [ RunTime:0.000000s ]
INFO: [ app_init ] --END-- [ RunTime:0.001000s ]

[ 2015-12-08T17:04:52+08:00 ] 192.168.1.132 /yhcms/index.php/Home/Houses/lines
INFO: [ app_init ] --START--
INFO: Run Behavior\BuildLiteBehavior [ RunTime:0.000000s ]
INFO: [ app_init ] --END-- [ RunTime:0.000000s ]

[ 2015-12-08T17:05:22+08:00 ] 192.168.1.132 /yhcms/index.php/Home/Houses/lines
INFO: [ app_init ] --START--
INFO: Run Behavior\BuildLiteBehavior [ RunTime:0.000000s ]
INFO: [ app_init ] --END-- [ RunTime:0.000000s ]

[ 2015-12-08T17:06:43+08:00 ] 192.168.1.132 /yhcms/index.php/Home/Houses/lines
INFO: [ app_init ] --START--
INFO: Run Behavior\BuildLiteBehavior [ RunTime:0.000000s ]
INFO: [ app_init ] --END-- [ RunTime:0.000000s ]

[ 2015-12-08T17:06:46+08:00 ] 192.168.1.132 /yhcms/index.php/Home/Houses/lines
INFO: [ app_init ] --START--
INFO: Run Behavior\BuildLiteBehavior [ RunTime:0.000000s ]
INFO: [ app_init ] --END-- [ RunTime:0.000000s ]

[ 2015-12-08T17:06:47+08:00 ] 192.168.1.132 /yhcms/index.php/Home/Houses/lines
INFO: [ app_init ] --START--
INFO: Run Behavior\BuildLiteBehavior [ RunTime:0.001000s ]
INFO: [ app_init ] --END-- [ RunTime:0.001000s ]

[ 2015-12-08T17:07:52+08:00 ] 192.168.1.132 /yhcms/index.php/Home/Houses/form
INFO: [ app_init ] --START--
INFO: Run Behavior\BuildLiteBehavior [ RunTime:0.000000s ]
INFO: [ app_init ] --END-- [ RunTime:0.001000s ]

[ 2015-12-08T17:11:56+08:00 ] 192.168.1.132 /yhcms/index.php/Home/Houses/form
INFO: [ app_init ] --START--
INFO: Run Behavior\BuildLiteBehavior [ RunTime:0.000000s ]
INFO: [ app_init ] --END-- [ RunTime:0.001000s ]

[ 2015-12-08T17:16:06+08:00 ] 192.168.1.132 /yhcms/index.php/Home/Houses/form
INFO: [ app_init ] --START--
INFO: Run Behavior\BuildLiteBehavior [ RunTime:0.000000s ]
INFO: [ app_init ] --END-- [ RunTime:0.001000s ]

[ 2015-12-08T17:16:57+08:00 ] 192.168.1.132 /yhcms/index.php/Home/Houses/form
INFO: [ app_init ] --START--
INFO: Run Behavior\BuildLiteBehavior [ RunTime:0.000000s ]
INFO: [ app_init ] --END-- [ RunTime:0.001000s ]

[ 2015-12-08T17:18:59+08:00 ] 192.168.1.132 /yhcms/index.php/Home/Houses/form
INFO: [ app_init ] --START--
INFO: Run Behavior\BuildLiteBehavior [ RunTime:0.000000s ]
INFO: [ app_init ] --END-- [ RunTime:0.000000s ]

[ 2015-12-08T17:19:32+08:00 ] 192.168.1.132 /yhcms/index.php/Home/Houses/form
INFO: [ app_init ] --START--
INFO: Run Behavior\BuildLiteBehavior [ RunTime:0.000000s ]
INFO: [ app_init ] --END-- [ RunTime:0.001000s ]

[ 2015-12-08T17:19:46+08:00 ] 192.168.1.132 /yhcms/index.php/Home/Houses/form
INFO: [ app_init ] --START--
INFO: Run Behavior\BuildLiteBehavior [ RunTime:0.000000s ]
INFO: [ app_init ] --END-- [ RunTime:0.001000s ]

[ 2015-12-08T17:20:24+08:00 ] 192.168.1.132 /yhcms/index.php/Home/Houses/form
INFO: [ app_init ] --START--
INFO: Run Behavior\BuildLiteBehavior [ RunTime:0.000000s ]
INFO: [ app_init ] --END-- [ RunTime:0.001000s ]

[ 2015-12-08T17:20:29+08:00 ] 192.168.1.132 /yhcms/index.php/Home/Houses/form
INFO: [ app_init ] --START--
INFO: Run Behavior\BuildLiteBehavior [ RunTime:0.000000s ]
INFO: [ app_init ] --END-- [ RunTime:0.001000s ]

[ 2015-12-08T17:20:59+08:00 ] 192.168.1.132 /yhcms/index.php/Home/Houses/form
INFO: [ app_init ] --START--
INFO: Run Behavior\BuildLiteBehavior [ RunTime:0.001000s ]
INFO: [ app_init ] --END-- [ RunTime:0.001000s ]

[ 2015-12-08T17:21:24+08:00 ] 192.168.1.132 /yhcms/index.php/Home/Houses/form
INFO: [ app_init ] --START--
INFO: Run Behavior\BuildLiteBehavior [ RunTime:0.000000s ]
INFO: [ app_init ] --END-- [ RunTime:0.001000s ]

[ 2015-12-08T17:21:50+08:00 ] 192.168.1.132 /yhcms/index.php/Home/Houses/form
INFO: [ app_init ] --START--
INFO: Run Behavior\BuildLiteBehavior [ RunTime:0.000000s ]
INFO: [ app_init ] --END-- [ RunTime:0.001000s ]

[ 2015-12-08T17:21:51+08:00 ] 192.168.1.132 /yhcms/index.php/Home/Houses/form
INFO: [ app_init ] --START--
INFO: Run Behavior\BuildLiteBehavior [ RunTime:0.000000s ]
INFO: [ app_init ] --END-- [ RunTime:0.000000s ]

[ 2015-12-08T17:33:18+08:00 ] 192.168.1.132 /yhcms/index.php/Home/Houses/form
INFO: [ app_init ] --START--
INFO: Run Behavior\BuildLiteBehavior [ RunTime:0.000000s ]
INFO: [ app_init ] --END-- [ RunTime:0.000000s ]

